<?xml version="1.0" encoding="utf-8"?>
<beans xmlns="http://www.springframework.org/schema/beans" xmlns:xsi="http://www.w3.org/2001/XMLSchema-instance"
    xmlns:util="http://www.springframework.org/schema/util" xmlns:aop="http://www.springframework.org/schema/aop"
    xmlns:context="http://www.springframework.org/schema/context" xmlns:tx="http://www.springframework.org/schema/tx"
    xmlns:task="http://www.springframework.org/schema/task"
    xsi:schemaLocation="http://www.springframework.org/schema/beans
         http://www.springframework.org/schema/beans/spring-beans-3.0.xsd
         http://www.springframework.org/schema/aop
         http://www.springframework.org/schema/aop/spring-aop-3.0.xsd
         http://www.springframework.org/schema/context
         http://www.springframework.org/schema/context/spring-context-3.0.xsd
         http://www.springframework.org/schema/tx
         http://www.springframework.org/schema/tx/spring-tx-3.0.xsd
         http://www.springframework.org/schema/task
         http://www.springframework.org/schema/task/spring-task-3.0.xsd
       http://www.springframework.org/schema/util http://www.springframework.org/schema/util/spring-util-3.0.xsd">

    <!-- DEV -->

    <!-- BEGIN - General configuration -->
    <bean id="lifecycleProcessor" class="org.springframework.context.support.DefaultLifecycleProcessor">
        <property name="timeoutPerShutdownPhase" value="10000" />
    </bean>

    <aop:aspectj-autoproxy />

    <context:annotation-config />

    <context:component-scan base-package="mx.gob.sat.siat" />


    <!-- END - General configuration -->

    <!-- BEGIN - Encryption configuration -->
    <bean id="environmentVariablesConfiguration" class="org.jasypt.encryption.pbe.config.EnvironmentStringPBEConfig">
        <property name="algorithm" value="PBEWithMD5AndDES" />
        <property name="passwordEnvName" value="APP_ENCRYPTION_PASSWORD" />
    </bean>

    <bean id="configurationEncryptor" class="org.jasypt.encryption.pbe.StandardPBEStringEncryptor">
        <property name="config" ref="environmentVariablesConfiguration" />
    </bean>

    <bean id="propertyConfigurer" class="org.jasypt.spring.properties.EncryptablePropertyPlaceholderConfigurer">
        <constructor-arg ref="configurationEncryptor" />
        <property name="locations">
            <list>
                <value>./infrastructure-config.properties
                </value>
                <value>./cloud.properties</value>
            </list>
        </property>

    </bean>

    <!-- END - Encryption configuration -->

    <bean id="dataSource" class="org.springframework.jdbc.datasource.DriverManagerDataSource">
        <property name="driverClassName" value="oracle.jdbc.driver.OracleDriver" />
        <property name="url" value="jdbc:oracle:thin:@192.168.20.202:1521:STD_JUR" />
        <property name="username" value="SIAT_RVC" />
        <property name="password" value="RVCApp#014" />
    </bean>

    <tx:advice id="transactionAdvice" transaction-manager="transactionManager">
        <tx:attributes>
            <tx:method name="*" rollback-for="java.lang.Throwable" propagation="REQUIRED" />
        </tx:attributes>
    </tx:advice>

    <aop:config>
        <aop:pointcut id="businessServicesPointcut" expression="target(mx.gob.sat.siat.juridica.base.service.BaseBusinessServices)" />
        <aop:advisor advice-ref="transactionAdvice" pointcut-ref="businessServicesPointcut" />
    </aop:config>


    <!-- BEGIN - JPA -->
    <bean id="persistenceUnitManager" class="org.springframework.orm.jpa.persistenceunit.DefaultPersistenceUnitManager">
        <property name="persistenceXmlLocations">
            <list>
                <value>classpath*:META-INF/persistenceTest.xml</value>
            </list>
        </property>
        <property name="defaultDataSource" ref="dataSource"></property>
    </bean>

    <bean id="jpaDialect" class="org.springframework.orm.jpa.vendor.HibernateJpaDialect" />
    <bean id="jpaVendorAdapter" class="org.springframework.orm.jpa.vendor.HibernateJpaVendorAdapter" />

    <bean id="entityManagerFactory" class="org.springframework.orm.jpa.LocalContainerEntityManagerFactoryBean">
        <property name="persistenceUnitManager" ref="persistenceUnitManager" />
        <property name="jpaDialect" ref="jpaDialect" />
        <property name="jpaVendorAdapter" ref="jpaVendorAdapter" />
    </bean>

    <bean id="transactionManager" class="org.springframework.orm.jpa.JpaTransactionManager">
        <property name="entityManagerFactory" ref="entityManagerFactory" />
    </bean>

    <bean class="org.springframework.dao.annotation.PersistenceExceptionTranslationPostProcessor" />
    <!-- END - JPA -->

    <!-- BEGIN - Mail -->
    <bean id="mailJMSDao" class="mx.gob.sat.siat.juridica.rrl.util.recurso.correo.impl.MailRequestSenderJMSImpl"
        autowire-candidate="true">
    </bean>

    <bean id="mailReceiver" class="mx.gob.sat.siat.juridica.rrl.util.recurso.correo.MailRequestReceiver" />

      <bean id="jdbcTemplatePA" class="org.springframework.jdbc.core.JdbcTemplate"
		 autowire-candidate="true">
           <property name="dataSource" ref="dataSource"></property>
         </bean>

</beans>